TN:
SF:src/app.ts
FN:9,main
FNF:1
FNH:0
FNDA:0,main
DA:1,0
DA:3,0
DA:5,0
DA:6,0
DA:10,0
DA:11,0
DA:12,0
DA:13,0
DA:15,0
DA:19,0
LF:10
LH:0
BRDA:5,0,0,0
BRF:1
BRH:0
end_of_record
TN:
SF:src/services/GoogleSheetService.ts
FN:4,(anonymous_1)
FN:6,(anonymous_2)
FNF:2
FNH:2
FNDA:1,(anonymous_1)
FNDA:2,(anonymous_2)
DA:1,1
DA:3,1
DA:4,1
DA:7,2
DA:8,2
DA:10,2
DA:11,2
DA:12,2
DA:13,1
DA:18,1
DA:19,1
DA:20,1
DA:23,1
DA:24,1
DA:25,1
DA:28,0
DA:29,0
LF:17
LH:15
BRDA:12,0,0,1
BRDA:23,1,0,1
BRDA:23,1,1,0
BRF:3
BRH:2
end_of_record
